<?xml version="1.0" encoding="UTF-8"?>
<!-- Generated by org.testng.reporters.JUnitXMLReporter -->
<testsuite ignored="3" hostname="SARVESH-DESKTOP" failures="0" tests="12" name="Personal projects" time="22.642" errors="0" timestamp="2024-05-21T23:30:27 IST">
  <testcase classname="TestNG.SwagLabLoginTest" name="loginWithlocked_out_user" time="0.449"/>
  <testcase classname="TestNG.TestNgKeywords" name="test2" time="0.018"/>
  <testcase classname="TestNG.TestNgKeywords" name="test1" time="0.009"/>
  <testcase classname="TestNG.TestNgKeywords" name="test6" time="0.007"/>
  <testcase classname="TestNG.TestNgKeywords" name="test3" time="0.003"/>
  <testcase classname="TestNG.TestNgKeywords" name="test3" time="0.003"/>
  <testcase classname="TestNG.TestNgKeywords" name="test3" time="0.002"/>
  <testcase classname="testNgFacebookAccountCreate.FacebookLoginPageTest" name="loginTest" time="0.166"/>
  <testcase classname="testNGPersonalProject.FacebookLoginTest" name="testLogin" time="0.346"/>
  <testcase classname="TestNG.AddToCart" name="AddtoCart" time="5.707"/>
  <testcase classname="testNgFacebookAccountCreate.FacebookRagesterPageTest" name="loginTest" time="0.164"/>
  <testcase classname="testNgFacebookAccountCreate.FacebookRagesterPageTest" name="regesterTest" time="3.012"/>
  <testcase classname="TestNG.TestNgKeywords" name="test5" time="0.0">
    <ignored/>
  </testcase> <!-- test5 -->
  <testcase classname="TestNG.TestNgKeywords" name="test4" time="0.0">
    <ignored/>
  </testcase> <!-- test4 -->
  <testcase classname="TestNG.SwagLabLoginTest" name="loginWithstandard_user" time="0.0">
    <ignored/>
  </testcase> <!-- loginWithstandard_user -->
</testsuite> <!-- Personal projects -->
