<?xml version="1.0" encoding="UTF-8"?>
<!-- Generated by org.testng.reporters.JUnitXMLReporter -->
<testsuite ignored="0" hostname="SARVESH-DESKTOP" failures="0" tests="3" name="regression" time="9.632" errors="0" timestamp="2024-05-21T23:30:36 IST">
  <testcase classname="testNgFacebookAccountCreate.FacebookRagesterPageTest" name="loginTest" time="0.114"/>
  <testcase classname="testNgFacebookAccountCreate.FacebookRagesterPageTest" name="regesterTest" time="3.038"/>
  <testcase classname="testNGPersonalProject.FacebookLoginTest" name="testLogin" time="0.334"/>
</testsuite> <!-- regression -->
